2019-04-23 15:59:20.425  INFO 1052 --- [main] com.cc.demo.DemoApplication              : Starting DemoApplication on DESKTOP-MN6P9C5 with PID 1052 (F:\GitHubDemos\spring\target\classes started by AAA1 in F:\GitHubDemos\spring)
2019-04-23 15:59:20.431 DEBUG 1052 --- [main] com.cc.demo.DemoApplication              : Running with Spring Boot v2.1.4.RELEASE, Spring v5.1.6.RELEASE
2019-04-23 15:59:20.431  INFO 1052 --- [main] com.cc.demo.DemoApplication              : The following profiles are active: dev
2019-04-23 15:59:21.351  INFO 1052 --- [main] o.s.b.w.embedded.tomcat.TomcatWebServer  : Tomcat initialized with port(s): 8082 (http)
2019-04-23 15:59:21.366  INFO 1052 --- [main] o.apache.catalina.core.StandardService   : Starting service [Tomcat]
2019-04-23 15:59:21.367  INFO 1052 --- [main] org.apache.catalina.core.StandardEngine  : Starting Servlet engine: [Apache Tomcat/9.0.17]
2019-04-23 15:59:21.543  INFO 1052 --- [main] o.a.c.c.C.[Tomcat].[localhost].[/cc]     : Initializing Spring embedded WebApplicationContext
2019-04-23 15:59:21.544  INFO 1052 --- [main] o.s.web.context.ContextLoader            : Root WebApplicationContext: initialization completed in 1076 ms
2019-04-23 15:59:21.715  INFO 1052 --- [main] o.s.s.concurrent.ThreadPoolTaskExecutor  : Initializing ExecutorService 'applicationTaskExecutor'
2019-04-23 15:59:21.795  INFO 1052 --- [main] o.s.b.a.w.s.WelcomePageHandlerMapping    : Adding welcome page: class path resource [static/index.html]
2019-04-23 15:59:21.865  INFO 1052 --- [main] o.s.b.w.embedded.tomcat.TomcatWebServer  : Tomcat started on port(s): 8082 (http) with context path '/cc'
2019-04-23 15:59:21.867  INFO 1052 --- [main] com.cc.demo.DemoApplication              : Started DemoApplication in 1.776 seconds (JVM running for 2.427)
2019-04-23 15:59:21.868 TRACE 1052 --- [main] com.cc.demo.DemoApplication              : Start Success
2019-04-23 16:01:16.046  INFO 1052 --- [http-nio-8082-exec-1] o.a.c.c.C.[Tomcat].[localhost].[/cc]     : Initializing Spring DispatcherServlet 'dispatcherServlet'
2019-04-23 16:01:16.046  INFO 1052 --- [http-nio-8082-exec-1] o.s.web.servlet.DispatcherServlet        : Initializing Servlet 'dispatcherServlet'
2019-04-23 16:01:16.053  INFO 1052 --- [http-nio-8082-exec-1] o.s.web.servlet.DispatcherServlet        : Completed initialization in 6 ms
2019-04-23 16:03:24.180  INFO 16600 --- [main] com.cc.demo.DemoApplication              : Starting DemoApplication on DESKTOP-MN6P9C5 with PID 16600 (F:\GitHubDemos\spring\target\classes started by AAA1 in F:\GitHubDemos\spring)
2019-04-23 16:03:24.182 DEBUG 16600 --- [main] com.cc.demo.DemoApplication              : Running with Spring Boot v2.1.4.RELEASE, Spring v5.1.6.RELEASE
2019-04-23 16:03:24.183  INFO 16600 --- [main] com.cc.demo.DemoApplication              : The following profiles are active: dev
2019-04-23 16:03:25.066  INFO 16600 --- [main] o.s.b.w.embedded.tomcat.TomcatWebServer  : Tomcat initialized with port(s): 8082 (http)
2019-04-23 16:03:25.083  INFO 16600 --- [main] o.apache.catalina.core.StandardService   : Starting service [Tomcat]
2019-04-23 16:03:25.083  INFO 16600 --- [main] org.apache.catalina.core.StandardEngine  : Starting Servlet engine: [Apache Tomcat/9.0.17]
2019-04-23 16:03:25.273  INFO 16600 --- [main] o.a.c.c.C.[Tomcat].[localhost].[/cc]     : Initializing Spring embedded WebApplicationContext
2019-04-23 16:03:25.273  INFO 16600 --- [main] o.s.web.context.ContextLoader            : Root WebApplicationContext: initialization completed in 1004 ms
2019-04-23 16:03:25.448  INFO 16600 --- [main] o.s.s.concurrent.ThreadPoolTaskExecutor  : Initializing ExecutorService 'applicationTaskExecutor'
2019-04-23 16:03:25.547  INFO 16600 --- [main] o.s.b.a.w.s.WelcomePageHandlerMapping    : Adding welcome page: class path resource [static/index.html]
2019-04-23 16:03:25.653  INFO 16600 --- [main] o.s.b.w.embedded.tomcat.TomcatWebServer  : Tomcat started on port(s): 8082 (http) with context path '/cc'
2019-04-23 16:03:25.656  INFO 16600 --- [main] com.cc.demo.DemoApplication              : Started DemoApplication in 2.094 seconds (JVM running for 2.894)
2019-04-23 16:03:25.657 TRACE 16600 --- [main] com.cc.demo.DemoApplication              : Start Success
2019-04-23 16:03:29.231  INFO 16600 --- [http-nio-8082-exec-1] o.a.c.c.C.[Tomcat].[localhost].[/cc]     : Initializing Spring DispatcherServlet 'dispatcherServlet'
2019-04-23 16:03:29.231  INFO 16600 --- [http-nio-8082-exec-1] o.s.web.servlet.DispatcherServlet        : Initializing Servlet 'dispatcherServlet'
2019-04-23 16:03:29.234  INFO 16600 --- [http-nio-8082-exec-1] o.s.web.servlet.DispatcherServlet        : Completed initialization in 3 ms
2019-04-23 16:03:38.245  WARN 16600 --- [http-nio-8082-exec-4] .w.s.m.s.DefaultHandlerExceptionResolver : Resolved [org.springframework.web.HttpRequestMethodNotSupportedException: Request method 'DELETE' not supported]
2019-04-23 16:03:54.770  INFO 4376 --- [main] com.cc.demo.DemoApplication              : Starting DemoApplication on DESKTOP-MN6P9C5 with PID 4376 (F:\GitHubDemos\spring\target\classes started by AAA1 in F:\GitHubDemos\spring)
2019-04-23 16:03:54.772 DEBUG 4376 --- [main] com.cc.demo.DemoApplication              : Running with Spring Boot v2.1.4.RELEASE, Spring v5.1.6.RELEASE
2019-04-23 16:03:54.772  INFO 4376 --- [main] com.cc.demo.DemoApplication              : The following profiles are active: dev
2019-04-23 16:03:55.706  INFO 4376 --- [main] o.s.b.w.embedded.tomcat.TomcatWebServer  : Tomcat initialized with port(s): 8082 (http)
2019-04-23 16:03:55.724  INFO 4376 --- [main] o.apache.catalina.core.StandardService   : Starting service [Tomcat]
2019-04-23 16:03:55.724  INFO 4376 --- [main] org.apache.catalina.core.StandardEngine  : Starting Servlet engine: [Apache Tomcat/9.0.17]
2019-04-23 16:03:55.888  INFO 4376 --- [main] o.a.c.c.C.[Tomcat].[localhost].[/cc]     : Initializing Spring embedded WebApplicationContext
2019-04-23 16:03:55.888  INFO 4376 --- [main] o.s.web.context.ContextLoader            : Root WebApplicationContext: initialization completed in 1071 ms
2019-04-23 16:03:56.040  INFO 4376 --- [main] o.s.s.concurrent.ThreadPoolTaskExecutor  : Initializing ExecutorService 'applicationTaskExecutor'
2019-04-23 16:03:56.122  INFO 4376 --- [main] o.s.b.a.w.s.WelcomePageHandlerMapping    : Adding welcome page: class path resource [static/index.html]
2019-04-23 16:03:56.200  INFO 4376 --- [main] o.s.b.w.embedded.tomcat.TomcatWebServer  : Tomcat started on port(s): 8082 (http) with context path '/cc'
2019-04-23 16:03:56.202  INFO 4376 --- [main] com.cc.demo.DemoApplication              : Started DemoApplication in 1.841 seconds (JVM running for 2.571)
2019-04-23 16:03:56.203 TRACE 4376 --- [main] com.cc.demo.DemoApplication              : Start Success
2019-04-23 16:03:59.621  INFO 4376 --- [http-nio-8082-exec-1] o.a.c.c.C.[Tomcat].[localhost].[/cc]     : Initializing Spring DispatcherServlet 'dispatcherServlet'
2019-04-23 16:03:59.621  INFO 4376 --- [http-nio-8082-exec-1] o.s.web.servlet.DispatcherServlet        : Initializing Servlet 'dispatcherServlet'
2019-04-23 16:03:59.625  INFO 4376 --- [http-nio-8082-exec-1] o.s.web.servlet.DispatcherServlet        : Completed initialization in 4 ms
2019-04-23 16:05:33.681  INFO 5156 --- [main] com.cc.demo.DemoApplication              : Starting DemoApplication on DESKTOP-MN6P9C5 with PID 5156 (F:\GitHubDemos\spring\target\classes started by AAA1 in F:\GitHubDemos\spring)
2019-04-23 16:05:33.684 DEBUG 5156 --- [main] com.cc.demo.DemoApplication              : Running with Spring Boot v2.1.4.RELEASE, Spring v5.1.6.RELEASE
2019-04-23 16:05:33.684  INFO 5156 --- [main] com.cc.demo.DemoApplication              : The following profiles are active: dev
2019-04-23 16:05:34.741  INFO 5156 --- [main] o.s.b.w.embedded.tomcat.TomcatWebServer  : Tomcat initialized with port(s): 8082 (http)
2019-04-23 16:05:34.765  INFO 5156 --- [main] o.apache.catalina.core.StandardService   : Starting service [Tomcat]
2019-04-23 16:05:34.765  INFO 5156 --- [main] org.apache.catalina.core.StandardEngine  : Starting Servlet engine: [Apache Tomcat/9.0.17]
2019-04-23 16:05:34.984  INFO 5156 --- [main] o.a.c.c.C.[Tomcat].[localhost].[/cc]     : Initializing Spring embedded WebApplicationContext
2019-04-23 16:05:34.984  INFO 5156 --- [main] o.s.web.context.ContextLoader            : Root WebApplicationContext: initialization completed in 1207 ms
2019-04-23 16:05:37.989  INFO 5156 --- [main] o.s.s.concurrent.ThreadPoolTaskExecutor  : Initializing ExecutorService 'applicationTaskExecutor'
2019-04-23 16:05:38.329  INFO 5156 --- [main] o.s.b.a.w.s.WelcomePageHandlerMapping    : Adding welcome page: class path resource [static/index.html]
2019-04-23 16:05:38.563  INFO 5156 --- [main] o.s.b.w.embedded.tomcat.TomcatWebServer  : Tomcat started on port(s): 8082 (http) with context path '/cc'
2019-04-23 16:05:38.575  INFO 5156 --- [main] com.cc.demo.DemoApplication              : Started DemoApplication in 5.49 seconds (JVM running for 6.476)
2019-04-23 16:05:38.578 TRACE 5156 --- [main] com.cc.demo.DemoApplication              : Start Success
2019-04-23 16:05:40.575  INFO 5156 --- [http-nio-8082-exec-2] o.a.c.c.C.[Tomcat].[localhost].[/cc]     : Initializing Spring DispatcherServlet 'dispatcherServlet'
2019-04-23 16:05:40.575  INFO 5156 --- [http-nio-8082-exec-2] o.s.web.servlet.DispatcherServlet        : Initializing Servlet 'dispatcherServlet'
2019-04-23 16:05:40.592  INFO 5156 --- [http-nio-8082-exec-2] o.s.web.servlet.DispatcherServlet        : Completed initialization in 16 ms
2019-04-23 16:07:15.464  INFO 7852 --- [main] com.cc.demo.DemoApplication              : Starting DemoApplication on DESKTOP-MN6P9C5 with PID 7852 (F:\GitHubDemos\spring\target\classes started by AAA1 in F:\GitHubDemos\spring)
2019-04-23 16:07:15.465 DEBUG 7852 --- [main] com.cc.demo.DemoApplication              : Running with Spring Boot v2.1.4.RELEASE, Spring v5.1.6.RELEASE
2019-04-23 16:07:15.465  INFO 7852 --- [main] com.cc.demo.DemoApplication              : The following profiles are active: dev
2019-04-23 16:07:16.314  INFO 7852 --- [main] o.s.b.w.embedded.tomcat.TomcatWebServer  : Tomcat initialized with port(s): 8082 (http)
2019-04-23 16:07:16.329  INFO 7852 --- [main] o.apache.catalina.core.StandardService   : Starting service [Tomcat]
2019-04-23 16:07:16.330  INFO 7852 --- [main] org.apache.catalina.core.StandardEngine  : Starting Servlet engine: [Apache Tomcat/9.0.17]
2019-04-23 16:07:16.508  INFO 7852 --- [main] o.a.c.c.C.[Tomcat].[localhost].[/cc]     : Initializing Spring embedded WebApplicationContext
2019-04-23 16:07:16.509  INFO 7852 --- [main] o.s.web.context.ContextLoader            : Root WebApplicationContext: initialization completed in 1013 ms
2019-04-23 16:07:16.654  INFO 7852 --- [main] o.s.s.concurrent.ThreadPoolTaskExecutor  : Initializing ExecutorService 'applicationTaskExecutor'
2019-04-23 16:07:16.762  INFO 7852 --- [main] o.s.b.a.w.s.WelcomePageHandlerMapping    : Adding welcome page: class path resource [static/index.html]
2019-04-23 16:07:16.825  INFO 7852 --- [main] o.s.b.w.embedded.tomcat.TomcatWebServer  : Tomcat started on port(s): 8082 (http) with context path '/cc'
2019-04-23 16:07:16.826  INFO 7852 --- [main] com.cc.demo.DemoApplication              : Started DemoApplication in 1.758 seconds (JVM running for 2.465)
2019-04-23 16:07:16.828 TRACE 7852 --- [main] com.cc.demo.DemoApplication              : Start Success
2019-04-23 16:07:45.767  INFO 7852 --- [http-nio-8082-exec-1] o.a.c.c.C.[Tomcat].[localhost].[/cc]     : Initializing Spring DispatcherServlet 'dispatcherServlet'
2019-04-23 16:07:45.767  INFO 7852 --- [http-nio-8082-exec-1] o.s.web.servlet.DispatcherServlet        : Initializing Servlet 'dispatcherServlet'
2019-04-23 16:07:45.770  INFO 7852 --- [http-nio-8082-exec-1] o.s.web.servlet.DispatcherServlet        : Completed initialization in 3 ms
